{"/home/sabovyan/Documents/hwk/homework/homework-22/__fixtures__/fruits.js": {"path":"/home/sabovyan/Documents/hwk/homework/homework-22/__fixtures__/fruits.js","statementMap":{"0":{"start":{"line":1,"column":0},"end":{"line":1,"column":56}}},"fnMap":{},"branchMap":{},"s":{"0":1},"f":{},"b":{},"_coverageSchema":"1a1c01bbd47fc00a2c39e90264f33305004495a9","hash":"89814b8f130c6fb6e076ac9da9680369c56493d3"}
,"/home/sabovyan/Documents/hwk/homework/homework-22/__fixtures__/numbers.js": {"path":"/home/sabovyan/Documents/hwk/homework/homework-22/__fixtures__/numbers.js","statementMap":{"0":{"start":{"line":1,"column":0},"end":{"line":1,"column":35}},"1":{"start":{"line":2,"column":0},"end":{"line":2,"column":39}}},"fnMap":{},"branchMap":{},"s":{"0":2,"1":2},"f":{},"b":{},"_coverageSchema":"1a1c01bbd47fc00a2c39e90264f33305004495a9","hash":"e4fb2d91131c768d3b3a6baea8687a0e5572a726"}
,"/home/sabovyan/Documents/hwk/homework/homework-22/lib/capitalName.js": {"path":"/home/sabovyan/Documents/hwk/homework/homework-22/lib/capitalName.js","statementMap":{"0":{"start":{"line":1,"column":16},"end":{"line":1,"column":36}},"1":{"start":{"line":2,"column":22},"end":{"line":10,"column":1}},"2":{"start":{"line":3,"column":2},"end":{"line":9,"column":3}},"3":{"start":{"line":4,"column":4},"end":{"line":4,"column":49}},"4":{"start":{"line":4,"column":18},"end":{"line":4,"column":49}},"5":{"start":{"line":5,"column":20},"end":{"line":5,"column":42}},"6":{"start":{"line":6,"column":4},"end":{"line":6,"column":33}},"7":{"start":{"line":8,"column":4},"end":{"line":8,"column":15}},"8":{"start":{"line":12,"column":0},"end":{"line":12,"column":31}}},"fnMap":{"0":{"name":"(anonymous_0)","decl":{"start":{"line":2,"column":22},"end":{"line":2,"column":23}},"loc":{"start":{"line":2,"column":41},"end":{"line":10,"column":1}},"line":2}},"branchMap":{"0":{"loc":{"start":{"line":4,"column":4},"end":{"line":4,"column":49}},"type":"if","locations":[{"start":{"line":4,"column":4},"end":{"line":4,"column":49}},{"start":{"line":4,"column":4},"end":{"line":4,"column":49}}],"line":4}},"s":{"0":1,"1":1,"2":2,"3":2,"4":1,"5":1,"6":1,"7":1,"8":1},"f":{"0":2},"b":{"0":[1,1]},"_coverageSchema":"1a1c01bbd47fc00a2c39e90264f33305004495a9","hash":"f2f64e7390c350ae4b541c4c54eff283b98e5aa5"}
,"/home/sabovyan/Documents/hwk/homework/homework-22/lib/chunk.js": {"path":"/home/sabovyan/Documents/hwk/homework/homework-22/lib/chunk.js","statementMap":{"0":{"start":{"line":3,"column":2},"end":{"line":3,"column":73}},"1":{"start":{"line":3,"column":31},"end":{"line":3,"column":73}},"2":{"start":{"line":6,"column":2},"end":{"line":6,"column":73}},"3":{"start":{"line":6,"column":31},"end":{"line":6,"column":73}},"4":{"start":{"line":7,"column":2},"end":{"line":7,"column":67}},"5":{"start":{"line":7,"column":25},"end":{"line":7,"column":67}},"6":{"start":{"line":8,"column":2},"end":{"line":8,"column":69}},"7":{"start":{"line":8,"column":29},"end":{"line":8,"column":69}},"8":{"start":{"line":10,"column":14},"end":{"line":10,"column":16}},"9":{"start":{"line":13,"column":2},"end":{"line":13,"column":27}},"10":{"start":{"line":13,"column":16},"end":{"line":13,"column":27}},"11":{"start":{"line":16,"column":2},"end":{"line":19,"column":3}},"12":{"start":{"line":17,"column":4},"end":{"line":17,"column":18}},"13":{"start":{"line":18,"column":4},"end":{"line":18,"column":15}},"14":{"start":{"line":21,"column":2},"end":{"line":21,"column":30}},"15":{"start":{"line":22,"column":2},"end":{"line":22,"column":27}},"16":{"start":{"line":24,"column":2},"end":{"line":24,"column":13}},"17":{"start":{"line":27,"column":0},"end":{"line":27,"column":23}}},"fnMap":{"0":{"name":"chunk","decl":{"start":{"line":1,"column":9},"end":{"line":1,"column":14}},"loc":{"start":{"line":1,"column":25},"end":{"line":25,"column":1}},"line":1}},"branchMap":{"0":{"loc":{"start":{"line":3,"column":2},"end":{"line":3,"column":73}},"type":"if","locations":[{"start":{"line":3,"column":2},"end":{"line":3,"column":73}},{"start":{"line":3,"column":2},"end":{"line":3,"column":73}}],"line":3},"1":{"loc":{"start":{"line":6,"column":2},"end":{"line":6,"column":73}},"type":"if","locations":[{"start":{"line":6,"column":2},"end":{"line":6,"column":73}},{"start":{"line":6,"column":2},"end":{"line":6,"column":73}}],"line":6},"2":{"loc":{"start":{"line":7,"column":2},"end":{"line":7,"column":67}},"type":"if","locations":[{"start":{"line":7,"column":2},"end":{"line":7,"column":67}},{"start":{"line":7,"column":2},"end":{"line":7,"column":67}}],"line":7},"3":{"loc":{"start":{"line":8,"column":2},"end":{"line":8,"column":69}},"type":"if","locations":[{"start":{"line":8,"column":2},"end":{"line":8,"column":69}},{"start":{"line":8,"column":2},"end":{"line":8,"column":69}}],"line":8},"4":{"loc":{"start":{"line":13,"column":2},"end":{"line":13,"column":27}},"type":"if","locations":[{"start":{"line":13,"column":2},"end":{"line":13,"column":27}},{"start":{"line":13,"column":2},"end":{"line":13,"column":27}}],"line":13},"5":{"loc":{"start":{"line":16,"column":2},"end":{"line":19,"column":3}},"type":"if","locations":[{"start":{"line":16,"column":2},"end":{"line":19,"column":3}},{"start":{"line":16,"column":2},"end":{"line":19,"column":3}}],"line":16}},"s":{"0":12,"1":1,"2":11,"3":2,"4":9,"5":1,"6":8,"7":2,"8":6,"9":6,"10":2,"11":4,"12":2,"13":2,"14":2,"15":2,"16":2,"17":1},"f":{"0":12},"b":{"0":[1,11],"1":[2,9],"2":[1,8],"3":[2,6],"4":[2,4],"5":[2,2]},"_coverageSchema":"1a1c01bbd47fc00a2c39e90264f33305004495a9","hash":"8f8b1f355415a07ea666a8c2b82e09cc6bc38afa"}
,"/home/sabovyan/Documents/hwk/homework/homework-22/lib/fill.js": {"path":"/home/sabovyan/Documents/hwk/homework/homework-22/lib/fill.js","statementMap":{"0":{"start":{"line":5,"column":2},"end":{"line":5,"column":66}},"1":{"start":{"line":6,"column":2},"end":{"line":6,"column":66}},"2":{"start":{"line":8,"column":17},"end":{"line":8,"column":19}},"3":{"start":{"line":10,"column":2},"end":{"line":33,"column":3}},"4":{"start":{"line":10,"column":15},"end":{"line":10,"column":16}},"5":{"start":{"line":12,"column":4},"end":{"line":32,"column":5}},"6":{"start":{"line":13,"column":6},"end":{"line":13,"column":24}},"7":{"start":{"line":16,"column":9},"end":{"line":32,"column":5}},"8":{"start":{"line":17,"column":6},"end":{"line":22,"column":7}},"9":{"start":{"line":18,"column":8},"end":{"line":18,"column":22}},"10":{"start":{"line":19,"column":8},"end":{"line":19,"column":26}},"11":{"start":{"line":21,"column":8},"end":{"line":21,"column":28}},"12":{"start":{"line":25,"column":9},"end":{"line":32,"column":5}},"13":{"start":{"line":26,"column":6},"end":{"line":31,"column":7}},"14":{"start":{"line":27,"column":8},"end":{"line":27,"column":22}},"15":{"start":{"line":28,"column":8},"end":{"line":28,"column":26}},"16":{"start":{"line":30,"column":8},"end":{"line":30,"column":28}},"17":{"start":{"line":34,"column":2},"end":{"line":34,"column":16}},"18":{"start":{"line":37,"column":0},"end":{"line":37,"column":24}}},"fnMap":{"0":{"name":"myFill","decl":{"start":{"line":1,"column":9},"end":{"line":1,"column":15}},"loc":{"start":{"line":1,"column":50},"end":{"line":35,"column":1}},"line":1}},"branchMap":{"0":{"loc":{"start":{"line":1,"column":27},"end":{"line":1,"column":32}},"type":"default-arg","locations":[{"start":{"line":1,"column":31},"end":{"line":1,"column":32}}],"line":1},"1":{"loc":{"start":{"line":1,"column":34},"end":{"line":1,"column":48}},"type":"default-arg","locations":[{"start":{"line":1,"column":38},"end":{"line":1,"column":48}}],"line":1},"2":{"loc":{"start":{"line":5,"column":13},"end":{"line":5,"column":65}},"type":"cond-expr","locations":[{"start":{"line":5,"column":22},"end":{"line":5,"column":47}},{"start":{"line":5,"column":52},"end":{"line":5,"column":64}}],"line":5},"3":{"loc":{"start":{"line":6,"column":13},"end":{"line":6,"column":65}},"type":"cond-expr","locations":[{"start":{"line":6,"column":22},"end":{"line":6,"column":47}},{"start":{"line":6,"column":52},"end":{"line":6,"column":64}}],"line":6},"4":{"loc":{"start":{"line":12,"column":4},"end":{"line":32,"column":5}},"type":"if","locations":[{"start":{"line":12,"column":4},"end":{"line":32,"column":5}},{"start":{"line":12,"column":4},"end":{"line":32,"column":5}}],"line":12},"5":{"loc":{"start":{"line":12,"column":8},"end":{"line":12,"column":35}},"type":"binary-expr","locations":[{"start":{"line":12,"column":8},"end":{"line":12,"column":15}},{"start":{"line":12,"column":19},"end":{"line":12,"column":35}}],"line":12},"6":{"loc":{"start":{"line":16,"column":9},"end":{"line":32,"column":5}},"type":"if","locations":[{"start":{"line":16,"column":9},"end":{"line":32,"column":5}},{"start":{"line":16,"column":9},"end":{"line":32,"column":5}}],"line":16},"7":{"loc":{"start":{"line":16,"column":13},"end":{"line":16,"column":38}},"type":"binary-expr","locations":[{"start":{"line":16,"column":13},"end":{"line":16,"column":18}},{"start":{"line":16,"column":22},"end":{"line":16,"column":38}}],"line":16},"8":{"loc":{"start":{"line":17,"column":6},"end":{"line":22,"column":7}},"type":"if","locations":[{"start":{"line":17,"column":6},"end":{"line":22,"column":7}},{"start":{"line":17,"column":6},"end":{"line":22,"column":7}}],"line":17},"9":{"loc":{"start":{"line":25,"column":9},"end":{"line":32,"column":5}},"type":"if","locations":[{"start":{"line":25,"column":9},"end":{"line":32,"column":5}},{"start":{"line":25,"column":9},"end":{"line":32,"column":5}}],"line":25},"10":{"loc":{"start":{"line":25,"column":13},"end":{"line":25,"column":51}},"type":"binary-expr","locations":[{"start":{"line":25,"column":13},"end":{"line":25,"column":26}},{"start":{"line":25,"column":30},"end":{"line":25,"column":51}}],"line":25},"11":{"loc":{"start":{"line":26,"column":6},"end":{"line":31,"column":7}},"type":"if","locations":[{"start":{"line":26,"column":6},"end":{"line":31,"column":7}},{"start":{"line":26,"column":6},"end":{"line":31,"column":7}}],"line":26},"12":{"loc":{"start":{"line":26,"column":10},"end":{"line":26,"column":47}},"type":"binary-expr","locations":[{"start":{"line":26,"column":10},"end":{"line":26,"column":24}},{"start":{"line":26,"column":28},"end":{"line":26,"column":47}}],"line":26}},"s":{"0":6,"1":6,"2":6,"3":6,"4":6,"5":24,"6":4,"7":20,"8":8,"9":5,"10":5,"11":3,"12":12,"13":12,"14":6,"15":6,"16":6,"17":6,"18":1},"f":{"0":6},"b":{"0":[1],"1":[2],"2":[1,5],"3":[2,4],"4":[4,20],"5":[24,12],"6":[8,12],"7":[20,8],"8":[5,3],"9":[12,0],"10":[12,12],"11":[6,6],"12":[12,9]},"_coverageSchema":"1a1c01bbd47fc00a2c39e90264f33305004495a9","hash":"b09b569e84409c74a7bf58dc4cad5ba4d5fa0e6d"}
,"/home/sabovyan/Documents/hwk/homework/homework-22/lib/filterByRange.js": {"path":"/home/sabovyan/Documents/hwk/homework/homework-22/lib/filterByRange.js","statementMap":{"0":{"start":{"line":2,"column":17},"end":{"line":2,"column":19}},"1":{"start":{"line":5,"column":2},"end":{"line":30,"column":3}},"2":{"start":{"line":7,"column":4},"end":{"line":11,"column":5}},"3":{"start":{"line":7,"column":17},"end":{"line":7,"column":18}},"4":{"start":{"line":8,"column":6},"end":{"line":10,"column":7}},"5":{"start":{"line":9,"column":8},"end":{"line":9,"column":28}},"6":{"start":{"line":14,"column":7},"end":{"line":30,"column":3}},"7":{"start":{"line":16,"column":4},"end":{"line":20,"column":5}},"8":{"start":{"line":16,"column":17},"end":{"line":16,"column":18}},"9":{"start":{"line":17,"column":6},"end":{"line":19,"column":7}},"10":{"start":{"line":18,"column":8},"end":{"line":18,"column":28}},"11":{"start":{"line":24,"column":4},"end":{"line":29,"column":5}},"12":{"start":{"line":24,"column":17},"end":{"line":24,"column":18}},"13":{"start":{"line":25,"column":6},"end":{"line":28,"column":7}},"14":{"start":{"line":27,"column":8},"end":{"line":27,"column":28}},"15":{"start":{"line":32,"column":2},"end":{"line":32,"column":16}},"16":{"start":{"line":35,"column":0},"end":{"line":35,"column":31}}},"fnMap":{"0":{"name":"filterByRange","decl":{"start":{"line":1,"column":9},"end":{"line":1,"column":22}},"loc":{"start":{"line":1,"column":34},"end":{"line":33,"column":1}},"line":1}},"branchMap":{"0":{"loc":{"start":{"line":5,"column":2},"end":{"line":30,"column":3}},"type":"if","locations":[{"start":{"line":5,"column":2},"end":{"line":30,"column":3}},{"start":{"line":5,"column":2},"end":{"line":30,"column":3}}],"line":5},"1":{"loc":{"start":{"line":8,"column":6},"end":{"line":10,"column":7}},"type":"if","locations":[{"start":{"line":8,"column":6},"end":{"line":10,"column":7}},{"start":{"line":8,"column":6},"end":{"line":10,"column":7}}],"line":8},"2":{"loc":{"start":{"line":8,"column":10},"end":{"line":8,"column":34}},"type":"binary-expr","locations":[{"start":{"line":8,"column":10},"end":{"line":8,"column":20}},{"start":{"line":8,"column":24},"end":{"line":8,"column":34}}],"line":8},"3":{"loc":{"start":{"line":14,"column":7},"end":{"line":30,"column":3}},"type":"if","locations":[{"start":{"line":14,"column":7},"end":{"line":30,"column":3}},{"start":{"line":14,"column":7},"end":{"line":30,"column":3}}],"line":14},"4":{"loc":{"start":{"line":17,"column":6},"end":{"line":19,"column":7}},"type":"if","locations":[{"start":{"line":17,"column":6},"end":{"line":19,"column":7}},{"start":{"line":17,"column":6},"end":{"line":19,"column":7}}],"line":17},"5":{"loc":{"start":{"line":17,"column":10},"end":{"line":17,"column":34}},"type":"binary-expr","locations":[{"start":{"line":17,"column":10},"end":{"line":17,"column":20}},{"start":{"line":17,"column":24},"end":{"line":17,"column":34}}],"line":17},"6":{"loc":{"start":{"line":25,"column":6},"end":{"line":28,"column":7}},"type":"if","locations":[{"start":{"line":25,"column":6},"end":{"line":28,"column":7}},{"start":{"line":25,"column":6},"end":{"line":28,"column":7}}],"line":25}},"s":{"0":4,"1":4,"2":1,"3":1,"4":4,"5":2,"6":3,"7":2,"8":2,"9":8,"10":2,"11":1,"12":1,"13":4,"14":2,"15":4,"16":1},"f":{"0":4},"b":{"0":[1,3],"1":[2,2],"2":[4,3],"3":[2,1],"4":[2,6],"5":[8,3],"6":[2,2]},"_coverageSchema":"1a1c01bbd47fc00a2c39e90264f33305004495a9","hash":"383cb884518cda2dcec802454b139ba448a33293"}
,"/home/sabovyan/Documents/hwk/homework/homework-22/lib/getData.js": {"path":"/home/sabovyan/Documents/hwk/homework/homework-22/lib/getData.js","statementMap":{"0":{"start":{"line":1,"column":14},"end":{"line":1,"column":35}},"1":{"start":{"line":4,"column":2},"end":{"line":6,"column":37}},"2":{"start":{"line":5,"column":24},"end":{"line":5,"column":39}},"3":{"start":{"line":6,"column":20},"end":{"line":6,"column":35}},"4":{"start":{"line":9,"column":0},"end":{"line":9,"column":25}}},"fnMap":{"0":{"name":"getData","decl":{"start":{"line":3,"column":9},"end":{"line":3,"column":16}},"loc":{"start":{"line":3,"column":26},"end":{"line":7,"column":1}},"line":3},"1":{"name":"(anonymous_1)","decl":{"start":{"line":5,"column":10},"end":{"line":5,"column":11}},"loc":{"start":{"line":5,"column":24},"end":{"line":5,"column":39}},"line":5},"2":{"name":"(anonymous_2)","decl":{"start":{"line":6,"column":10},"end":{"line":6,"column":11}},"loc":{"start":{"line":6,"column":20},"end":{"line":6,"column":35}},"line":6}},"branchMap":{},"s":{"0":1,"1":1,"2":1,"3":1,"4":1},"f":{"0":1,"1":1,"2":1},"b":{},"_coverageSchema":"1a1c01bbd47fc00a2c39e90264f33305004495a9","hash":"afdeee9ae5526a6a28a6fcb1bedc9b9f67ceb210"}
}
