TN:
SF:__fixtures__/fruits.js
FNF:0
FNH:0
DA:1,1
LF:1
LH:1
BRF:0
BRH:0
end_of_record
TN:
SF:__fixtures__/numbers.js
FNF:0
FNH:0
DA:1,2
DA:2,2
LF:2
LH:2
BRF:0
BRH:0
end_of_record
TN:
SF:lib/capitalName.js
FN:2,(anonymous_0)
FNF:1
FNH:1
FNDA:2,(anonymous_0)
DA:1,1
DA:2,1
DA:3,2
DA:4,2
DA:5,1
DA:6,1
DA:8,1
DA:12,1
LF:8
LH:8
BRDA:4,0,0,1
BRDA:4,0,1,1
BRF:2
BRH:2
end_of_record
TN:
SF:lib/chunk.js
FN:1,chunk
FNF:1
FNH:1
FNDA:12,chunk
DA:3,12
DA:6,11
DA:7,9
DA:8,8
DA:10,6
DA:13,6
DA:16,4
DA:17,2
DA:18,2
DA:21,2
DA:22,2
DA:24,2
DA:27,1
LF:13
LH:13
BRDA:3,0,0,1
BRDA:3,0,1,11
BRDA:6,1,0,2
BRDA:6,1,1,9
BRDA:7,2,0,1
BRDA:7,2,1,8
BRDA:8,3,0,2
BRDA:8,3,1,6
BRDA:13,4,0,2
BRDA:13,4,1,4
BRDA:16,5,0,2
BRDA:16,5,1,2
BRF:12
BRH:12
end_of_record
TN:
SF:lib/fill.js
FN:1,myFill
FNF:1
FNH:1
FNDA:6,myFill
DA:5,6
DA:6,6
DA:8,6
DA:10,6
DA:12,24
DA:13,4
DA:16,20
DA:17,8
DA:18,5
DA:19,5
DA:21,3
DA:25,12
DA:26,12
DA:27,6
DA:28,6
DA:30,6
DA:34,6
DA:37,1
LF:18
LH:18
BRDA:1,0,0,1
BRDA:1,1,0,2
BRDA:5,2,0,1
BRDA:5,2,1,5
BRDA:6,3,0,2
BRDA:6,3,1,4
BRDA:12,4,0,4
BRDA:12,4,1,20
BRDA:12,5,0,24
BRDA:12,5,1,12
BRDA:16,6,0,8
BRDA:16,6,1,12
BRDA:16,7,0,20
BRDA:16,7,1,8
BRDA:17,8,0,5
BRDA:17,8,1,3
BRDA:25,9,0,12
BRDA:25,9,1,0
BRDA:25,10,0,12
BRDA:25,10,1,12
BRDA:26,11,0,6
BRDA:26,11,1,6
BRDA:26,12,0,12
BRDA:26,12,1,9
BRF:24
BRH:23
end_of_record
TN:
SF:lib/filterByRange.js
FN:1,filterByRange
FNF:1
FNH:1
FNDA:4,filterByRange
DA:2,4
DA:5,4
DA:7,1
DA:8,4
DA:9,2
DA:14,3
DA:16,2
DA:17,8
DA:18,2
DA:24,1
DA:25,4
DA:27,2
DA:32,4
DA:35,1
LF:14
LH:14
BRDA:5,0,0,1
BRDA:5,0,1,3
BRDA:8,1,0,2
BRDA:8,1,1,2
BRDA:8,2,0,4
BRDA:8,2,1,3
BRDA:14,3,0,2
BRDA:14,3,1,1
BRDA:17,4,0,2
BRDA:17,4,1,6
BRDA:17,5,0,8
BRDA:17,5,1,3
BRDA:25,6,0,2
BRDA:25,6,1,2
BRF:14
BRH:14
end_of_record
TN:
SF:lib/getData.js
FN:3,getData
FN:5,(anonymous_1)
FN:6,(anonymous_2)
FNF:3
FNH:3
FNDA:1,getData
FNDA:1,(anonymous_1)
FNDA:1,(anonymous_2)
DA:1,1
DA:4,1
DA:5,1
DA:6,1
DA:9,1
LF:5
LH:5
BRF:0
BRH:0
end_of_record
